h:\c++code\baodian\timercron\timercron\debug\timercron.pch
h:\c++code\baodian\timercron\timercron\debug\vc120.pdb
h:\c++code\baodian\timercron\timercron\debug\vc120.idb
h:\c++code\baodian\timercron\timercron\debug\stdafx.obj
h:\c++code\baodian\timercron\timercron\debug\exit.obj
h:\c++code\baodian\timercron\timercron\debug\timercron.obj
h:\c++code\baodian\timercron\timercron\debug\timercrondlg.obj
h:\c++code\baodian\timercron\debug\timercron.ilk
h:\c++code\baodian\timercron\debug\timercron.exe
h:\c++code\baodian\timercron\debug\timercron.pdb
h:\c++code\baodian\timercron\timercron\debug\timercron.res
h:\c++code\baodian\timercron\timercron\debug\timercron.tlog\cl.command.1.tlog
h:\c++code\baodian\timercron\timercron\debug\timercron.tlog\cl.read.1.tlog
h:\c++code\baodian\timercron\timercron\debug\timercron.tlog\cl.write.1.tlog
h:\c++code\baodian\timercron\timercron\debug\timercron.tlog\link.command.1.tlog
h:\c++code\baodian\timercron\timercron\debug\timercron.tlog\link.read.1.tlog
h:\c++code\baodian\timercron\timercron\debug\timercron.tlog\link.write.1.tlog
h:\c++code\baodian\timercron\timercron\debug\timercron.tlog\rc.command.1.tlog
h:\c++code\baodian\timercron\timercron\debug\timercron.tlog\rc.read.1.tlog
h:\c++code\baodian\timercron\timercron\debug\timercron.tlog\rc.write.1.tlog
